{"source\\orthos.js":{"path":"source\\orthos.js","s":{"1":1,"2":1,"3":1,"4":1,"5":1,"6":1,"7":24,"8":16,"9":9,"10":12,"11":92,"12":11,"13":1,"14":7,"15":7,"16":7,"17":7,"18":5,"19":5,"20":5,"21":5,"22":5,"23":5,"24":3,"25":3,"26":3,"27":3,"28":1,"29":117,"30":117,"31":117,"32":0,"33":117,"34":117,"35":1,"36":3,"37":3,"38":3,"39":3,"40":3,"41":0,"42":0,"43":0,"44":0,"45":0,"46":0,"47":0,"48":0,"49":0,"50":0,"51":0,"52":1,"53":199,"54":199,"55":69,"56":69,"57":1,"58":3,"59":3,"60":3,"61":3,"62":0,"63":3,"64":3,"65":3,"66":3,"67":0,"68":0,"69":1,"70":172,"71":1,"72":115,"73":115,"74":115,"75":0,"76":115,"77":115,"78":1,"79":126,"80":1,"81":114,"82":114,"83":114,"84":114,"85":92,"86":60,"87":22,"88":11,"89":103,"90":167,"91":167,"92":0,"93":103,"94":618,"95":32,"96":32,"97":32,"98":3,"99":32,"100":103,"101":101,"102":1,"103":120,"104":120,"105":118,"106":9,"107":109,"108":120,"109":1,"110":118,"111":118,"112":1,"113":1,"114":0,"115":0,"116":1,"117":1,"118":0,"119":0,"120":0,"121":1,"122":1,"123":1,"124":0,"125":109,"126":109,"127":109,"128":109,"129":71,"130":109,"131":61,"132":61,"133":48,"134":0,"135":4,"136":4,"137":4,"138":6,"139":6,"140":6,"141":3,"142":42,"143":42,"144":6,"145":4,"146":2,"147":2,"148":2,"149":2,"150":1,"151":1,"152":1,"153":2,"154":3,"155":3,"156":3,"157":1,"158":2,"159":3,"160":3,"161":3,"162":116,"163":116,"164":111,"165":111,"166":5,"167":5,"168":5,"169":5,"170":5,"171":5,"172":5,"173":5,"174":4,"175":4,"176":2,"177":2,"178":9,"179":9,"180":3,"181":3,"182":3,"183":2,"184":2},"b":{"1":[92,68,24],"2":[0,117],"3":[3,0],"4":[0,0],"5":[69,130],"6":[69,60],"7":[0,3],"8":[3,0],"9":[172,135],"10":[115,101],"11":[115,101],"12":[0,115],"13":[115,115,115],"14":[115,101],"15":[115,101],"16":[114,4],"17":[92,22],"18":[60,32],"19":[11,11],"20":[167,0],"21":[32,586],"22":[3,29],"23":[101,2],"24":[9,109],"25":[0,1],"26":[1,0],"27":[1,0],"28":[1,1,1,0],"29":[109,109],"30":[109,0],"31":[71,38],"32":[61,0],"33":[6,0],"34":[3,3],"35":[1,1],"36":[3,0],"37":[3,3,3],"38":[1,2],"39":[116,40],"40":[111,5],"41":[5,0],"42":[5,0],"43":[4,1],"44":[5,4],"45":[2,2],"46":[2,1],"47":[3,2]},"f":{"1":1,"2":24,"3":16,"4":9,"5":12,"6":92,"7":11,"8":7,"9":7,"10":5,"11":5,"12":5,"13":3,"14":117,"15":3,"16":0,"17":0,"18":0,"19":199,"20":3,"21":172,"22":115,"23":126,"24":114,"25":167,"26":120,"27":118,"28":118,"29":1,"30":0,"31":0,"32":109,"33":4,"34":2,"35":3,"36":116,"37":5,"38":9,"39":3,"40":3},"fnMap":{"1":{"name":"(anonymous_1)","line":4,"loc":{"start":{"line":4,"column":1},"end":{"line":4,"column":17}}},"2":{"name":"(anonymous_2)","line":13,"loc":{"start":{"line":13,"column":19},"end":{"line":13,"column":36}}},"3":{"name":"(anonymous_3)","line":19,"loc":{"start":{"line":19,"column":19},"end":{"line":19,"column":36}}},"4":{"name":"(anonymous_4)","line":25,"loc":{"start":{"line":25,"column":19},"end":{"line":25,"column":35}}},"5":{"name":"(anonymous_5)","line":33,"loc":{"start":{"line":33,"column":19},"end":{"line":33,"column":36}}},"6":{"name":"(anonymous_6)","line":39,"loc":{"start":{"line":39,"column":19},"end":{"line":39,"column":36}}},"7":{"name":"(anonymous_7)","line":45,"loc":{"start":{"line":45,"column":19},"end":{"line":45,"column":30}}},"8":{"name":"(anonymous_8)","line":55,"loc":{"start":{"line":55,"column":19},"end":{"line":55,"column":36}}},"9":{"name":"(anonymous_9)","line":63,"loc":{"start":{"line":63,"column":19},"end":{"line":63,"column":36}}},"10":{"name":"(anonymous_10)","line":71,"loc":{"start":{"line":71,"column":19},"end":{"line":71,"column":36}}},"11":{"name":"(anonymous_11)","line":79,"loc":{"start":{"line":79,"column":19},"end":{"line":79,"column":36}}},"12":{"name":"(anonymous_12)","line":87,"loc":{"start":{"line":87,"column":19},"end":{"line":87,"column":36}}},"13":{"name":"(anonymous_13)","line":96,"loc":{"start":{"line":96,"column":19},"end":{"line":96,"column":45}}},"14":{"name":"(anonymous_14)","line":105,"loc":{"start":{"line":105,"column":26},"end":{"line":105,"column":44}}},"15":{"name":"(anonymous_15)","line":118,"loc":{"start":{"line":118,"column":23},"end":{"line":118,"column":67}}},"16":{"name":"(anonymous_16)","line":123,"loc":{"start":{"line":123,"column":32},"end":{"line":123,"column":43}}},"17":{"name":"(anonymous_17)","line":130,"loc":{"start":{"line":130,"column":32},"end":{"line":130,"column":43}}},"18":{"name":"(anonymous_18)","line":136,"loc":{"start":{"line":136,"column":32},"end":{"line":136,"column":43}}},"19":{"name":"(anonymous_19)","line":144,"loc":{"start":{"line":144,"column":17},"end":{"line":144,"column":50}}},"20":{"name":"(anonymous_20)","line":153,"loc":{"start":{"line":153,"column":24},"end":{"line":153,"column":39}}},"21":{"name":"(anonymous_21)","line":171,"loc":{"start":{"line":171,"column":18},"end":{"line":171,"column":32}}},"22":{"name":"(anonymous_22)","line":175,"loc":{"start":{"line":175,"column":32},"end":{"line":175,"column":63}}},"23":{"name":"(anonymous_23)","line":187,"loc":{"start":{"line":187,"column":21},"end":{"line":187,"column":39}}},"24":{"name":"(anonymous_24)","line":191,"loc":{"start":{"line":191,"column":22},"end":{"line":191,"column":40}}},"25":{"name":"(anonymous_25)","line":200,"loc":{"start":{"line":200,"column":43},"end":{"line":200,"column":69}}},"26":{"name":"(anonymous_26)","line":222,"loc":{"start":{"line":222,"column":19},"end":{"line":222,"column":35}}},"27":{"name":"(anonymous_27)","line":225,"loc":{"start":{"line":225,"column":35},"end":{"line":225,"column":54}}},"28":{"name":"(anonymous_28)","line":279,"loc":{"start":{"line":279,"column":16},"end":{"line":279,"column":27}}},"29":{"name":"(anonymous_29)","line":291,"loc":{"start":{"line":291,"column":27},"end":{"line":291,"column":75}}},"30":{"name":"(anonymous_30)","line":294,"loc":{"start":{"line":294,"column":33},"end":{"line":294,"column":49}}},"31":{"name":"(anonymous_31)","line":300,"loc":{"start":{"line":300,"column":33},"end":{"line":300,"column":44}}},"32":{"name":"(anonymous_32)","line":326,"loc":{"start":{"line":326,"column":17},"end":{"line":326,"column":36}}},"33":{"name":"(anonymous_33)","line":350,"loc":{"start":{"line":350,"column":24},"end":{"line":350,"column":36}}},"34":{"name":"(anonymous_34)","line":374,"loc":{"start":{"line":374,"column":23},"end":{"line":374,"column":35}}},"35":{"name":"(anonymous_35)","line":393,"loc":{"start":{"line":393,"column":33},"end":{"line":393,"column":80}}},"36":{"name":"(anonymous_36)","line":414,"loc":{"start":{"line":414,"column":18},"end":{"line":414,"column":37}}},"37":{"name":"(anonymous_37)","line":433,"loc":{"start":{"line":433,"column":23},"end":{"line":433,"column":51}}},"38":{"name":"(anonymous_38)","line":454,"loc":{"start":{"line":454,"column":25},"end":{"line":454,"column":53}}},"39":{"name":"(anonymous_39)","line":456,"loc":{"start":{"line":456,"column":51},"end":{"line":456,"column":61}}},"40":{"name":"(anonymous_40)","line":466,"loc":{"start":{"line":466,"column":25},"end":{"line":466,"column":53}}}},"statementMap":{"1":{"start":{"line":4,"column":0},"end":{"line":474,"column":9}},"2":{"start":{"line":5,"column":4},"end":{"line":5,"column":23}},"3":{"start":{"line":6,"column":4},"end":{"line":6,"column":32}},"4":{"start":{"line":7,"column":4},"end":{"line":7,"column":164}},"5":{"start":{"line":9,"column":4},"end":{"line":9,"column":26}},"6":{"start":{"line":11,"column":4},"end":{"line":50,"column":6}},"7":{"start":{"line":14,"column":16},"end":{"line":14,"column":40}},"8":{"start":{"line":20,"column":16},"end":{"line":20,"column":46}},"9":{"start":{"line":28,"column":16},"end":{"line":28,"column":52}},"10":{"start":{"line":34,"column":16},"end":{"line":34,"column":174}},"11":{"start":{"line":40,"column":16},"end":{"line":40,"column":65}},"12":{"start":{"line":46,"column":16},"end":{"line":46,"column":28}},"13":{"start":{"line":52,"column":4},"end":{"line":103,"column":6}},"14":{"start":{"line":56,"column":16},"end":{"line":56,"column":85}},"15":{"start":{"line":57,"column":16},"end":{"line":57,"column":48}},"16":{"start":{"line":64,"column":16},"end":{"line":64,"column":85}},"17":{"start":{"line":65,"column":16},"end":{"line":65,"column":48}},"18":{"start":{"line":72,"column":16},"end":{"line":72,"column":72}},"19":{"start":{"line":73,"column":16},"end":{"line":73,"column":40}},"20":{"start":{"line":80,"column":16},"end":{"line":80,"column":69}},"21":{"start":{"line":81,"column":16},"end":{"line":81,"column":40}},"22":{"start":{"line":88,"column":16},"end":{"line":88,"column":68}},"23":{"start":{"line":89,"column":16},"end":{"line":89,"column":42}},"24":{"start":{"line":97,"column":16},"end":{"line":97,"column":67}},"25":{"start":{"line":98,"column":16},"end":{"line":98,"column":75}},"26":{"start":{"line":99,"column":16},"end":{"line":99,"column":99}},"27":{"start":{"line":100,"column":16},"end":{"line":100,"column":52}},"28":{"start":{"line":105,"column":4},"end":{"line":115,"column":6}},"29":{"start":{"line":107,"column":8},"end":{"line":107,"column":48}},"30":{"start":{"line":108,"column":8},"end":{"line":108,"column":94}},"31":{"start":{"line":109,"column":8},"end":{"line":114,"column":9}},"32":{"start":{"line":110,"column":12},"end":{"line":110,"column":22}},"33":{"start":{"line":112,"column":12},"end":{"line":112,"column":63}},"34":{"start":{"line":113,"column":12},"end":{"line":113,"column":36}},"35":{"start":{"line":118,"column":4},"end":{"line":142,"column":6}},"36":{"start":{"line":119,"column":8},"end":{"line":119,"column":34}},"37":{"start":{"line":120,"column":8},"end":{"line":120,"column":40}},"38":{"start":{"line":121,"column":8},"end":{"line":140,"column":9}},"39":{"start":{"line":122,"column":12},"end":{"line":122,"column":65}},"40":{"start":{"line":123,"column":12},"end":{"line":126,"column":14}},"41":{"start":{"line":124,"column":16},"end":{"line":124,"column":65}},"42":{"start":{"line":125,"column":16},"end":{"line":125,"column":52}},"43":{"start":{"line":128,"column":13},"end":{"line":140,"column":9}},"44":{"start":{"line":129,"column":12},"end":{"line":129,"column":60}},"45":{"start":{"line":130,"column":12},"end":{"line":133,"column":14}},"46":{"start":{"line":131,"column":16},"end":{"line":131,"column":64}},"47":{"start":{"line":132,"column":16},"end":{"line":132,"column":52}},"48":{"start":{"line":135,"column":12},"end":{"line":135,"column":49}},"49":{"start":{"line":136,"column":12},"end":{"line":139,"column":14}},"50":{"start":{"line":137,"column":16},"end":{"line":137,"column":53}},"51":{"start":{"line":138,"column":16},"end":{"line":138,"column":52}},"52":{"start":{"line":144,"column":4},"end":{"line":151,"column":6}},"53":{"start":{"line":145,"column":8},"end":{"line":145,"column":41}},"54":{"start":{"line":147,"column":8},"end":{"line":150,"column":9}},"55":{"start":{"line":148,"column":12},"end":{"line":148,"column":54}},"56":{"start":{"line":149,"column":12},"end":{"line":149,"column":49}},"57":{"start":{"line":153,"column":4},"end":{"line":169,"column":6}},"58":{"start":{"line":154,"column":8},"end":{"line":154,"column":53}},"59":{"start":{"line":155,"column":8},"end":{"line":155,"column":38}},"60":{"start":{"line":156,"column":8},"end":{"line":167,"column":9}},"61":{"start":{"line":157,"column":12},"end":{"line":159,"column":13}},"62":{"start":{"line":158,"column":16},"end":{"line":158,"column":36}},"63":{"start":{"line":160,"column":12},"end":{"line":160,"column":40}},"64":{"start":{"line":161,"column":12},"end":{"line":166,"column":13}},"65":{"start":{"line":162,"column":16},"end":{"line":162,"column":39}},"66":{"start":{"line":163,"column":16},"end":{"line":163,"column":36}},"67":{"start":{"line":165,"column":16},"end":{"line":165,"column":69}},"68":{"start":{"line":168,"column":8},"end":{"line":168,"column":28}},"69":{"start":{"line":171,"column":4},"end":{"line":173,"column":6}},"70":{"start":{"line":172,"column":8},"end":{"line":172,"column":78}},"71":{"start":{"line":175,"column":4},"end":{"line":185,"column":6}},"72":{"start":{"line":176,"column":8},"end":{"line":176,"column":36}},"73":{"start":{"line":177,"column":8},"end":{"line":179,"column":36}},"74":{"start":{"line":180,"column":8},"end":{"line":182,"column":9}},"75":{"start":{"line":181,"column":12},"end":{"line":181,"column":29}},"76":{"start":{"line":183,"column":8},"end":{"line":183,"column":82}},"77":{"start":{"line":184,"column":8},"end":{"line":184,"column":84}},"78":{"start":{"line":187,"column":4},"end":{"line":189,"column":6}},"79":{"start":{"line":188,"column":8},"end":{"line":188,"column":54}},"80":{"start":{"line":191,"column":4},"end":{"line":220,"column":6}},"81":{"start":{"line":192,"column":8},"end":{"line":192,"column":65}},"82":{"start":{"line":193,"column":8},"end":{"line":193,"column":52}},"83":{"start":{"line":194,"column":8},"end":{"line":194,"column":60}},"84":{"start":{"line":195,"column":8},"end":{"line":199,"column":9}},"85":{"start":{"line":196,"column":12},"end":{"line":196,"column":104}},"86":{"start":{"line":196,"column":64},"end":{"line":196,"column":102}},"87":{"start":{"line":198,"column":12},"end":{"line":198,"column":103}},"88":{"start":{"line":198,"column":41},"end":{"line":198,"column":101}},"89":{"start":{"line":200,"column":8},"end":{"line":206,"column":17}},"90":{"start":{"line":201,"column":12},"end":{"line":205,"column":13}},"91":{"start":{"line":202,"column":16},"end":{"line":202,"column":79}},"92":{"start":{"line":204,"column":16},"end":{"line":204,"column":69}},"93":{"start":{"line":208,"column":8},"end":{"line":215,"column":9}},"94":{"start":{"line":209,"column":12},"end":{"line":214,"column":13}},"95":{"start":{"line":210,"column":16},"end":{"line":210,"column":58}},"96":{"start":{"line":211,"column":16},"end":{"line":211,"column":59}},"97":{"start":{"line":212,"column":16},"end":{"line":212,"column":82}},"98":{"start":{"line":212,"column":49},"end":{"line":212,"column":80}},"99":{"start":{"line":213,"column":16},"end":{"line":213,"column":69}},"100":{"start":{"line":217,"column":8},"end":{"line":219,"column":9}},"101":{"start":{"line":218,"column":12},"end":{"line":218,"column":64}},"102":{"start":{"line":222,"column":4},"end":{"line":233,"column":6}},"103":{"start":{"line":223,"column":8},"end":{"line":223,"column":46}},"104":{"start":{"line":225,"column":8},"end":{"line":231,"column":17}},"105":{"start":{"line":226,"column":12},"end":{"line":230,"column":13}},"106":{"start":{"line":227,"column":16},"end":{"line":227,"column":49}},"107":{"start":{"line":229,"column":16},"end":{"line":229,"column":52}},"108":{"start":{"line":232,"column":8},"end":{"line":232,"column":31}},"109":{"start":{"line":235,"column":4},"end":{"line":473,"column":7}},"110":{"start":{"line":280,"column":12},"end":{"line":280,"column":38}},"111":{"start":{"line":281,"column":12},"end":{"line":281,"column":36}},"112":{"start":{"line":292,"column":16},"end":{"line":292,"column":31}},"113":{"start":{"line":293,"column":16},"end":{"line":304,"column":17}},"114":{"start":{"line":294,"column":20},"end":{"line":296,"column":22}},"115":{"start":{"line":295,"column":24},"end":{"line":295,"column":54}},"116":{"start":{"line":297,"column":23},"end":{"line":304,"column":17}},"117":{"start":{"line":298,"column":20},"end":{"line":298,"column":44}},"118":{"start":{"line":300,"column":20},"end":{"line":302,"column":22}},"119":{"start":{"line":301,"column":24},"end":{"line":301,"column":36}},"120":{"start":{"line":303,"column":20},"end":{"line":303,"column":74}},"121":{"start":{"line":305,"column":16},"end":{"line":313,"column":17}},"122":{"start":{"line":306,"column":20},"end":{"line":306,"column":52}},"123":{"start":{"line":307,"column":20},"end":{"line":310,"column":22}},"124":{"start":{"line":312,"column":20},"end":{"line":312,"column":102}},"125":{"start":{"line":327,"column":12},"end":{"line":327,"column":38}},"126":{"start":{"line":328,"column":12},"end":{"line":328,"column":25}},"127":{"start":{"line":329,"column":12},"end":{"line":342,"column":13}},"128":{"start":{"line":330,"column":16},"end":{"line":330,"column":67}},"129":{"start":{"line":330,"column":42},"end":{"line":330,"column":65}},"130":{"start":{"line":332,"column":16},"end":{"line":336,"column":17}},"131":{"start":{"line":333,"column":20},"end":{"line":335,"column":21}},"132":{"start":{"line":334,"column":24},"end":{"line":334,"column":37}},"133":{"start":{"line":337,"column":16},"end":{"line":337,"column":28}},"134":{"start":{"line":341,"column":16},"end":{"line":341,"column":61}},"135":{"start":{"line":351,"column":12},"end":{"line":351,"column":53}},"136":{"start":{"line":352,"column":12},"end":{"line":352,"column":29}},"137":{"start":{"line":353,"column":12},"end":{"line":365,"column":13}},"138":{"start":{"line":354,"column":16},"end":{"line":364,"column":17}},"139":{"start":{"line":355,"column":20},"end":{"line":355,"column":78}},"140":{"start":{"line":356,"column":20},"end":{"line":361,"column":21}},"141":{"start":{"line":357,"column":24},"end":{"line":360,"column":25}},"142":{"start":{"line":358,"column":28},"end":{"line":358,"column":118}},"143":{"start":{"line":359,"column":28},"end":{"line":359,"column":80}},"144":{"start":{"line":363,"column":20},"end":{"line":363,"column":62}},"145":{"start":{"line":366,"column":12},"end":{"line":366,"column":31}},"146":{"start":{"line":375,"column":12},"end":{"line":375,"column":40}},"147":{"start":{"line":376,"column":12},"end":{"line":376,"column":28}},"148":{"start":{"line":377,"column":12},"end":{"line":377,"column":48}},"149":{"start":{"line":378,"column":12},"end":{"line":382,"column":13}},"150":{"start":{"line":379,"column":16},"end":{"line":379,"column":40}},"151":{"start":{"line":380,"column":16},"end":{"line":380,"column":60}},"152":{"start":{"line":381,"column":16},"end":{"line":381,"column":43}},"153":{"start":{"line":383,"column":12},"end":{"line":383,"column":30}},"154":{"start":{"line":394,"column":12},"end":{"line":396,"column":80}},"155":{"start":{"line":397,"column":12},"end":{"line":406,"column":13}},"156":{"start":{"line":398,"column":16},"end":{"line":402,"column":17}},"157":{"start":{"line":399,"column":20},"end":{"line":399,"column":77}},"158":{"start":{"line":401,"column":20},"end":{"line":401,"column":58}},"159":{"start":{"line":403,"column":16},"end":{"line":403,"column":71}},"160":{"start":{"line":404,"column":16},"end":{"line":404,"column":69}},"161":{"start":{"line":405,"column":16},"end":{"line":405,"column":40}},"162":{"start":{"line":415,"column":12},"end":{"line":415,"column":38}},"163":{"start":{"line":416,"column":12},"end":{"line":425,"column":13}},"164":{"start":{"line":418,"column":16},"end":{"line":418,"column":33}},"165":{"start":{"line":419,"column":16},"end":{"line":419,"column":46}},"166":{"start":{"line":422,"column":16},"end":{"line":422,"column":48}},"167":{"start":{"line":423,"column":16},"end":{"line":423,"column":47}},"168":{"start":{"line":424,"column":16},"end":{"line":424,"column":52}},"169":{"start":{"line":434,"column":12},"end":{"line":434,"column":45}},"170":{"start":{"line":435,"column":12},"end":{"line":435,"column":58}},"171":{"start":{"line":436,"column":12},"end":{"line":436,"column":40}},"172":{"start":{"line":438,"column":12},"end":{"line":438,"column":66}},"173":{"start":{"line":439,"column":12},"end":{"line":446,"column":13}},"174":{"start":{"line":440,"column":16},"end":{"line":440,"column":39}},"175":{"start":{"line":441,"column":16},"end":{"line":445,"column":17}},"176":{"start":{"line":442,"column":20},"end":{"line":442,"column":46}},"177":{"start":{"line":444,"column":20},"end":{"line":444,"column":48}},"178":{"start":{"line":455,"column":12},"end":{"line":455,"column":33}},"179":{"start":{"line":456,"column":12},"end":{"line":458,"column":22}},"180":{"start":{"line":457,"column":16},"end":{"line":457,"column":53}},"181":{"start":{"line":467,"column":12},"end":{"line":467,"column":52}},"182":{"start":{"line":468,"column":12},"end":{"line":471,"column":13}},"183":{"start":{"line":469,"column":16},"end":{"line":469,"column":63}},"184":{"start":{"line":470,"column":16},"end":{"line":470,"column":58}}},"branchMap":{"1":{"line":40,"type":"binary-expr","locations":[{"start":{"line":40,"column":25},"end":{"line":40,"column":33}},{"start":{"line":40,"column":37},"end":{"line":40,"column":48}},{"start":{"line":40,"column":53},"end":{"line":40,"column":64}}]},"2":{"line":109,"type":"if","locations":[{"start":{"line":109,"column":8},"end":{"line":109,"column":8}},{"start":{"line":109,"column":8},"end":{"line":109,"column":8}}]},"3":{"line":121,"type":"if","locations":[{"start":{"line":121,"column":8},"end":{"line":121,"column":8}},{"start":{"line":121,"column":8},"end":{"line":121,"column":8}}]},"4":{"line":128,"type":"if","locations":[{"start":{"line":128,"column":13},"end":{"line":128,"column":13}},{"start":{"line":128,"column":13},"end":{"line":128,"column":13}}]},"5":{"line":147,"type":"if","locations":[{"start":{"line":147,"column":8},"end":{"line":147,"column":8}},{"start":{"line":147,"column":8},"end":{"line":147,"column":8}}]},"6":{"line":148,"type":"binary-expr","locations":[{"start":{"line":148,"column":31},"end":{"line":148,"column":47}},{"start":{"line":148,"column":51},"end":{"line":148,"column":53}}]},"7":{"line":157,"type":"if","locations":[{"start":{"line":157,"column":12},"end":{"line":157,"column":12}},{"start":{"line":157,"column":12},"end":{"line":157,"column":12}}]},"8":{"line":161,"type":"if","locations":[{"start":{"line":161,"column":12},"end":{"line":161,"column":12}},{"start":{"line":161,"column":12},"end":{"line":161,"column":12}}]},"9":{"line":172,"type":"binary-expr","locations":[{"start":{"line":172,"column":15},"end":{"line":172,"column":46}},{"start":{"line":172,"column":50},"end":{"line":172,"column":77}}]},"10":{"line":177,"type":"binary-expr","locations":[{"start":{"line":177,"column":24},"end":{"line":177,"column":35}},{"start":{"line":177,"column":39},"end":{"line":177,"column":56}}]},"11":{"line":178,"type":"binary-expr","locations":[{"start":{"line":178,"column":26},"end":{"line":178,"column":37}},{"start":{"line":178,"column":41},"end":{"line":178,"column":74}}]},"12":{"line":180,"type":"if","locations":[{"start":{"line":180,"column":8},"end":{"line":180,"column":8}},{"start":{"line":180,"column":8},"end":{"line":180,"column":8}}]},"13":{"line":180,"type":"binary-expr","locations":[{"start":{"line":180,"column":12},"end":{"line":180,"column":18}},{"start":{"line":180,"column":23},"end":{"line":180,"column":61}},{"start":{"line":180,"column":65},"end":{"line":180,"column":119}}]},"14":{"line":183,"type":"binary-expr","locations":[{"start":{"line":183,"column":54},"end":{"line":183,"column":65}},{"start":{"line":183,"column":69},"end":{"line":183,"column":80}}]},"15":{"line":184,"type":"binary-expr","locations":[{"start":{"line":184,"column":55},"end":{"line":184,"column":66}},{"start":{"line":184,"column":70},"end":{"line":184,"column":82}}]},"16":{"line":192,"type":"binary-expr","locations":[{"start":{"line":192,"column":27},"end":{"line":192,"column":43}},{"start":{"line":192,"column":47},"end":{"line":192,"column":64}}]},"17":{"line":195,"type":"if","locations":[{"start":{"line":195,"column":8},"end":{"line":195,"column":8}},{"start":{"line":195,"column":8},"end":{"line":195,"column":8}}]},"18":{"line":196,"type":"if","locations":[{"start":{"line":196,"column":12},"end":{"line":196,"column":12}},{"start":{"line":196,"column":12},"end":{"line":196,"column":12}}]},"19":{"line":198,"type":"if","locations":[{"start":{"line":198,"column":12},"end":{"line":198,"column":12}},{"start":{"line":198,"column":12},"end":{"line":198,"column":12}}]},"20":{"line":201,"type":"if","locations":[{"start":{"line":201,"column":12},"end":{"line":201,"column":12}},{"start":{"line":201,"column":12},"end":{"line":201,"column":12}}]},"21":{"line":209,"type":"if","locations":[{"start":{"line":209,"column":12},"end":{"line":209,"column":12}},{"start":{"line":209,"column":12},"end":{"line":209,"column":12}}]},"22":{"line":212,"type":"if","locations":[{"start":{"line":212,"column":16},"end":{"line":212,"column":16}},{"start":{"line":212,"column":16},"end":{"line":212,"column":16}}]},"23":{"line":217,"type":"if","locations":[{"start":{"line":217,"column":8},"end":{"line":217,"column":8}},{"start":{"line":217,"column":8},"end":{"line":217,"column":8}}]},"24":{"line":226,"type":"if","locations":[{"start":{"line":226,"column":12},"end":{"line":226,"column":12}},{"start":{"line":226,"column":12},"end":{"line":226,"column":12}}]},"25":{"line":293,"type":"if","locations":[{"start":{"line":293,"column":16},"end":{"line":293,"column":16}},{"start":{"line":293,"column":16},"end":{"line":293,"column":16}}]},"26":{"line":297,"type":"if","locations":[{"start":{"line":297,"column":23},"end":{"line":297,"column":23}},{"start":{"line":297,"column":23},"end":{"line":297,"column":23}}]},"27":{"line":305,"type":"if","locations":[{"start":{"line":305,"column":16},"end":{"line":305,"column":16}},{"start":{"line":305,"column":16},"end":{"line":305,"column":16}}]},"28":{"line":305,"type":"binary-expr","locations":[{"start":{"line":305,"column":20},"end":{"line":305,"column":31}},{"start":{"line":305,"column":35},"end":{"line":305,"column":40}},{"start":{"line":305,"column":45},"end":{"line":305,"column":64}},{"start":{"line":305,"column":68},"end":{"line":305,"column":76}}]},"29":{"line":327,"type":"binary-expr","locations":[{"start":{"line":327,"column":22},"end":{"line":327,"column":29}},{"start":{"line":327,"column":33},"end":{"line":327,"column":37}}]},"30":{"line":329,"type":"if","locations":[{"start":{"line":329,"column":12},"end":{"line":329,"column":12}},{"start":{"line":329,"column":12},"end":{"line":329,"column":12}}]},"31":{"line":330,"type":"if","locations":[{"start":{"line":330,"column":16},"end":{"line":330,"column":16}},{"start":{"line":330,"column":16},"end":{"line":330,"column":16}}]},"32":{"line":333,"type":"if","locations":[{"start":{"line":333,"column":20},"end":{"line":333,"column":20}},{"start":{"line":333,"column":20},"end":{"line":333,"column":20}}]},"33":{"line":354,"type":"if","locations":[{"start":{"line":354,"column":16},"end":{"line":354,"column":16}},{"start":{"line":354,"column":16},"end":{"line":354,"column":16}}]},"34":{"line":356,"type":"if","locations":[{"start":{"line":356,"column":20},"end":{"line":356,"column":20}},{"start":{"line":356,"column":20},"end":{"line":356,"column":20}}]},"35":{"line":378,"type":"if","locations":[{"start":{"line":378,"column":12},"end":{"line":378,"column":12}},{"start":{"line":378,"column":12},"end":{"line":378,"column":12}}]},"36":{"line":397,"type":"if","locations":[{"start":{"line":397,"column":12},"end":{"line":397,"column":12}},{"start":{"line":397,"column":12},"end":{"line":397,"column":12}}]},"37":{"line":397,"type":"binary-expr","locations":[{"start":{"line":397,"column":16},"end":{"line":397,"column":38}},{"start":{"line":397,"column":42},"end":{"line":397,"column":69}},{"start":{"line":397,"column":73},"end":{"line":397,"column":95}}]},"38":{"line":398,"type":"if","locations":[{"start":{"line":398,"column":16},"end":{"line":398,"column":16}},{"start":{"line":398,"column":16},"end":{"line":398,"column":16}}]},"39":{"line":415,"type":"binary-expr","locations":[{"start":{"line":415,"column":22},"end":{"line":415,"column":29}},{"start":{"line":415,"column":33},"end":{"line":415,"column":37}}]},"40":{"line":416,"type":"if","locations":[{"start":{"line":416,"column":12},"end":{"line":416,"column":12}},{"start":{"line":416,"column":12},"end":{"line":416,"column":12}}]},"41":{"line":422,"type":"binary-expr","locations":[{"start":{"line":422,"column":30},"end":{"line":422,"column":41}},{"start":{"line":422,"column":45},"end":{"line":422,"column":47}}]},"42":{"line":438,"type":"binary-expr","locations":[{"start":{"line":438,"column":30},"end":{"line":438,"column":45}},{"start":{"line":438,"column":49},"end":{"line":438,"column":65}}]},"43":{"line":439,"type":"if","locations":[{"start":{"line":439,"column":12},"end":{"line":439,"column":12}},{"start":{"line":439,"column":12},"end":{"line":439,"column":12}}]},"44":{"line":439,"type":"binary-expr","locations":[{"start":{"line":439,"column":16},"end":{"line":439,"column":30}},{"start":{"line":439,"column":34},"end":{"line":439,"column":49}}]},"45":{"line":441,"type":"if","locations":[{"start":{"line":441,"column":16},"end":{"line":441,"column":16}},{"start":{"line":441,"column":16},"end":{"line":441,"column":16}}]},"46":{"line":468,"type":"if","locations":[{"start":{"line":468,"column":12},"end":{"line":468,"column":12}},{"start":{"line":468,"column":12},"end":{"line":468,"column":12}}]},"47":{"line":468,"type":"binary-expr","locations":[{"start":{"line":468,"column":17},"end":{"line":468,"column":40}},{"start":{"line":468,"column":44},"end":{"line":468,"column":81}}]}}}}